#
# There is insufficient memory for the Java Runtime Environment to continue.
# Native memory allocation (malloc) failed to allocate 32744 bytes for Chunk::new
# Possible reasons:
#   The system is out of physical RAM or swap space
#   The process is running with CompressedOops enabled, and the Java Heap may be blocking the growth of the native heap
# Possible solutions:
#   Reduce memory load on the system
#   Increase physical memory or swap space
#   Check if swap backing store is full
#   Decrease Java heap size (-Xmx/-Xms)
#   Decrease number of Java threads
#   Decrease Java thread stack sizes (-Xss)
#   Set larger code cache with -XX:ReservedCodeCacheSize=
#   JVM is running with Unscaled Compressed Oops mode in which the Java heap is
#     placed in the first 4GB address space. The Java Heap base address is the
#     maximum limit for the native heap growth. Please use -XX:HeapBaseMinAddress
#     to set the Java Heap base and to place the Java Heap above 4GB virtual address.
# This output file may be truncated or incomplete.
#
#  Out of Memory Error (arena.cpp:168), pid=12768, tid=9260
#
# JRE version: Java(TM) SE Runtime Environment (21.0.1+12) (build 21.0.1+12-LTS-29)
# Java VM: Java HotSpot(TM) 64-Bit Server VM (21.0.1+12-LTS-29, mixed mode, sharing, tiered, compressed oops, compressed class ptrs, g1 gc, windows-amd64)
# No core dump will be written. Minidumps are not enabled by default on client versions of Windows
#

---------------  S U M M A R Y ------------

Command Line: -Dfile.encoding=UTF-8 -Djava.security.policy=applet.policy --module-path=C:\Users\Perso\OneDrive\Documents\NetBeansProjects\Hotel_System\build\classes hotel_system.ManageClientsForm

Host: Intel(R) Core(TM) i5-6300U CPU @ 2.40GHz, 4 cores, 7G,  Windows 10 , 64 bit Build 19041 (10.0.19041.3636)
Time: Tue Mar 12 12:10:32 2024 Paris, Madrid elapsed time: 1.236829 seconds (0d 0h 0m 1s)

---------------  T H R E A D  ---------------

Current thread (0x000001c4778cb470):  JavaThread "C1 CompilerThread0" daemon [_thread_in_native, id=9260, stack(0x0000000f04b00000,0x0000000f04c00000) (1024K)]


Current CompileTask:
C1:   1236  615       3       javax.swing.UIDefaults$TextAndMnemonicHashMap::get (358 bytes)

Stack: [0x0000000f04b00000,0x0000000f04c00000]
Native frames: (J=compiled Java code, j=interpreted, Vv=VM code, C=native code)
V  [jvm.dll+0x6c9029]
V  [jvm.dll+0x854b81]
V  [jvm.dll+0x856e5e]
V  [jvm.dll+0x857543]
V  [jvm.dll+0x280c06]
V  [jvm.dll+0xc3ead]
V  [jvm.dll+0xc43c3]
V  [jvm.dll+0x13ef0e]
V  [jvm.dll+0x13e2a7]
V  [jvm.dll+0x19a3ed]
V  [jvm.dll+0x19afd6]
V  [jvm.dll+0x154753]
V  [jvm.dll+0x154008]
V  [jvm.dll+0x154244]
V  [jvm.dll+0x153686]
V  [jvm.dll+0x1553ed]
V  [jvm.dll+0x2586b9]
V  [jvm.dll+0x256c9a]
V  [jvm.dll+0x3ef1b6]
V  [jvm.dll+0x7fd728]
V  [jvm.dll+0x6c777d]
C  [ucrtbase.dll+0x21bb2]
C  [KERNEL32.DLL+0x17344]
C  [ntdll.dll+0x526b1]


---------------  P R O C E S S  ---------------

Threads class SMR info:
_java_thread_list=0x000001c477d972a0, length=15, elements={
0x000001c4778abfc0, 0x000001c4778acee0, 0x000001c4778b0f50, 0x000001c4778b39c0,
0x000001c4778b4420, 0x000001c4778b4e80, 0x000001c4778c89c0, 0x000001c4778cb470,
0x000001c477b07a50, 0x000001c477c114b0, 0x000001c477ca8bd0, 0x000001c477d51fb0,
0x000001c477d54630, 0x000001c47c579070, 0x000001c45b86d6b0
}

Java Threads: ( => current thread )
  0x000001c4778abfc0 JavaThread "Reference Handler"          daemon [_thread_blocked, id=12060, stack(0x0000000f04400000,0x0000000f04500000) (1024K)]
  0x000001c4778acee0 JavaThread "Finalizer"                  daemon [_thread_blocked, id=14724, stack(0x0000000f04500000,0x0000000f04600000) (1024K)]
  0x000001c4778b0f50 JavaThread "Signal Dispatcher"          daemon [_thread_blocked, id=16312, stack(0x0000000f04600000,0x0000000f04700000) (1024K)]
  0x000001c4778b39c0 JavaThread "Attach Listener"            daemon [_thread_blocked, id=11728, stack(0x0000000f04700000,0x0000000f04800000) (1024K)]
  0x000001c4778b4420 JavaThread "Service Thread"             daemon [_thread_blocked, id=12164, stack(0x0000000f04800000,0x0000000f04900000) (1024K)]
  0x000001c4778b4e80 JavaThread "Monitor Deflation Thread"   daemon [_thread_blocked, id=3704, stack(0x0000000f04900000,0x0000000f04a00000) (1024K)]
  0x000001c4778c89c0 JavaThread "C2 CompilerThread0"         daemon [_thread_blocked, id=10128, stack(0x0000000f04a00000,0x0000000f04b00000) (1024K)]
=>0x000001c4778cb470 JavaThread "C1 CompilerThread0"         daemon [_thread_in_native, id=9260, stack(0x0000000f04b00000,0x0000000f04c00000) (1024K)]
  0x000001c477b07a50 JavaThread "Common-Cleaner"             daemon [_thread_blocked, id=6936, stack(0x0000000f04c00000,0x0000000f04d00000) (1024K)]
  0x000001c477c114b0 JavaThread "Notification Thread"        daemon [_thread_blocked, id=6900, stack(0x0000000f04d00000,0x0000000f04e00000) (1024K)]
  0x000001c477ca8bd0 JavaThread "Java2D Disposer"            daemon [_thread_blocked, id=968, stack(0x0000000f04e00000,0x0000000f04f00000) (1024K)]
  0x000001c477d51fb0 JavaThread "AWT-Shutdown"                      [_thread_blocked, id=14940, stack(0x0000000f04f00000,0x0000000f05000000) (1024K)]
  0x000001c477d54630 JavaThread "AWT-Windows"                daemon [_thread_in_native, id=19060, stack(0x0000000f05000000,0x0000000f05100000) (1024K)]
  0x000001c47c579070 JavaThread "AWT-EventQueue-0"                  [_thread_in_vm, id=9296, stack(0x0000000f05100000,0x0000000f05200000) (1024K)]
  0x000001c45b86d6b0 JavaThread "DestroyJavaVM"                     [_thread_blocked, id=1196, stack(0x0000000f03c00000,0x0000000f03d00000) (1024K)]
Total: 15

Other Threads:
  0x000001c47788a530 VMThread "VM Thread"                           [id=15188, stack(0x0000000f04300000,0x0000000f04400000) (1024K)]
  0x000001c477874520 WatcherThread "VM Periodic Task Thread"        [id=1176, stack(0x0000000f04200000,0x0000000f04300000) (1024K)]
  0x000001c45b8bdc10 WorkerThread "GC Thread#0"                     [id=11112, stack(0x0000000f03d00000,0x0000000f03e00000) (1024K)]
  0x000001c45b8d0f20 ConcurrentGCThread "G1 Main Marker"            [id=15016, stack(0x0000000f03e00000,0x0000000f03f00000) (1024K)]
  0x000001c45b8d20d0 WorkerThread "G1 Conc#0"                       [id=13284, stack(0x0000000f03f00000,0x0000000f04000000) (1024K)]
  0x000001c45b93eaa0 ConcurrentGCThread "G1 Refine#0"               [id=13736, stack(0x0000000f04000000,0x0000000f04100000) (1024K)]
  0x000001c477745610 ConcurrentGCThread "G1 Service"                [id=19084, stack(0x0000000f04100000,0x0000000f04200000) (1024K)]
Total: 7

Threads with active compile tasks:
C1 CompilerThread0     1307  615       3       javax.swing.UIDefaults$TextAndMnemonicHashMap::get (358 bytes)
Total: 1

VM state: not at safepoint (normal execution)

VM Mutex/Monitor currently owned by a thread:  ([mutex/lock_event])
[0x00007ffc14a98578] Metaspace_lock - owner thread: 0x000001c47c579070

Heap address: 0x0000000082e00000, size: 2002 MB, Compressed Oops mode: 32-bit

CDS archive(s) mapped at: [0x000001c400000000-0x000001c400c90000-0x000001c400c90000), size 13172736, SharedBaseAddress: 0x000001c400000000, ArchiveRelocationMode: 1.
Compressed class space mapped at: 0x000001c401000000-0x000001c441000000, reserved size: 1073741824
Narrow klass base: 0x000001c400000000, Narrow klass shift: 0, Narrow klass range: 0x100000000

GC Precious Log:
 CardTable entry size: 512
 Card Set container configuration: InlinePtr #cards 5 size 8 Array Of Cards #cards 12 size 40 Howl #buckets 4 coarsen threshold 1843 Howl Bitmap #cards 512 size 80 coarsen threshold 460 Card regions per heap region 1 cards per card region 2048
 CPUs: 4 total, 4 available
 Memory: 8004M
 Large Page Support: Disabled
 NUMA Support: Disabled
 Compressed Oops: Enabled (32-bit)
 Heap Region Size: 1M
 Heap Min Capacity: 8M
 Heap Initial Capacity: 126M
 Heap Max Capacity: 2002M
 Pre-touch: Disabled
 Parallel Workers: 4
 Concurrent Workers: 1
 Concurrent Refinement Workers: 4
 Periodic GC: Disabled

Heap:
 garbage-first heap   total 129024K, used 6144K [0x0000000082e00000, 0x0000000100000000)
  region size 1024K, 7 young (7168K), 0 survivors (0K)
 Metaspace       used 6303K, committed 6400K, reserved 1114112K
  class space    used 716K, committed 768K, reserved 1048576K

Heap Regions: E=young(eden), S=young(survivor), O=old, HS=humongous(starts), HC=humongous(continues), CS=collection set, F=free, TAMS=top-at-mark-start, PB=parsable bottom
|   0|0x0000000082e00000, 0x0000000082e00000, 0x0000000082f00000|  0%| F|  |TAMS 0x0000000082e00000| PB 0x0000000082e00000| Untracked 
|   1|0x0000000082f00000, 0x0000000082f00000, 0x0000000083000000|  0%| F|  |TAMS 0x0000000082f00000| PB 0x0000000082f00000| Untracked 
|   2|0x0000000083000000, 0x0000000083000000, 0x0000000083100000|  0%| F|  |TAMS 0x0000000083000000| PB 0x0000000083000000| Untracked 
|   3|0x0000000083100000, 0x0000000083100000, 0x0000000083200000|  0%| F|  |TAMS 0x0000000083100000| PB 0x0000000083100000| Untracked 
|   4|0x0000000083200000, 0x0000000083200000, 0x0000000083300000|  0%| F|  |TAMS 0x0000000083200000| PB 0x0000000083200000| Untracked 
|   5|0x0000000083300000, 0x0000000083300000, 0x0000000083400000|  0%| F|  |TAMS 0x0000000083300000| PB 0x0000000083300000| Untracked 
|   6|0x0000000083400000, 0x0000000083400000, 0x0000000083500000|  0%| F|  |TAMS 0x0000000083400000| PB 0x0000000083400000| Untracked 
|   7|0x0000000083500000, 0x0000000083500000, 0x0000000083600000|  0%| F|  |TAMS 0x0000000083500000| PB 0x0000000083500000| Untracked 
|   8|0x0000000083600000, 0x0000000083600000, 0x0000000083700000|  0%| F|  |TAMS 0x0000000083600000| PB 0x0000000083600000| Untracked 
|   9|0x0000000083700000, 0x0000000083700000, 0x0000000083800000|  0%| F|  |TAMS 0x0000000083700000| PB 0x0000000083700000| Untracked 
|  10|0x0000000083800000, 0x0000000083800000, 0x0000000083900000|  0%| F|  |TAMS 0x0000000083800000| PB 0x0000000083800000| Untracked 
|  11|0x0000000083900000, 0x0000000083900000, 0x0000000083a00000|  0%| F|  |TAMS 0x0000000083900000| PB 0x0000000083900000| Untracked 
|  12|0x0000000083a00000, 0x0000000083a00000, 0x0000000083b00000|  0%| F|  |TAMS 0x0000000083a00000| PB 0x0000000083a00000| Untracked 
|  13|0x0000000083b00000, 0x0000000083b00000, 0x0000000083c00000|  0%| F|  |TAMS 0x0000000083b00000| PB 0x0000000083b00000| Untracked 
|  14|0x0000000083c00000, 0x0000000083c00000, 0x0000000083d00000|  0%| F|  |TAMS 0x0000000083c00000| PB 0x0000000083c00000| Untracked 
|  15|0x0000000083d00000, 0x0000000083d00000, 0x0000000083e00000|  0%| F|  |TAMS 0x0000000083d00000| PB 0x0000000083d00000| Untracked 
|  16|0x0000000083e00000, 0x0000000083e00000, 0x0000000083f00000|  0%| F|  |TAMS 0x0000000083e00000| PB 0x0000000083e00000| Untracked 
|  17|0x0000000083f00000, 0x0000000083f00000, 0x0000000084000000|  0%| F|  |TAMS 0x0000000083f00000| PB 0x0000000083f00000| Untracked 
|  18|0x0000000084000000, 0x0000000084000000, 0x0000000084100000|  0%| F|  |TAMS 0x0000000084000000| PB 0x0000000084000000| Untracked 
|  19|0x0000000084100000, 0x0000000084100000, 0x0000000084200000|  0%| F|  |TAMS 0x0000000084100000| PB 0x0000000084100000| Untracked 
|  20|0x0000000084200000, 0x0000000084200000, 0x0000000084300000|  0%| F|  |TAMS 0x0000000084200000| PB 0x0000000084200000| Untracked 
|  21|0x0000000084300000, 0x0000000084300000, 0x0000000084400000|  0%| F|  |TAMS 0x0000000084300000| PB 0x0000000084300000| Untracked 
|  22|0x0000000084400000, 0x0000000084400000, 0x0000000084500000|  0%| F|  |TAMS 0x0000000084400000| PB 0x0000000084400000| Untracked 
|  23|0x0000000084500000, 0x0000000084500000, 0x0000000084600000|  0%| F|  |TAMS 0x0000000084500000| PB 0x0000000084500000| Untracked 
|  24|0x0000000084600000, 0x0000000084600000, 0x0000000084700000|  0%| F|  |TAMS 0x0000000084600000| PB 0x0000000084600000| Untracked 
|  25|0x0000000084700000, 0x0000000084700000, 0x0000000084800000|  0%| F|  |TAMS 0x0000000084700000| PB 0x0000000084700000| Untracked 
|  26|0x0000000084800000, 0x0000000084800000, 0x0000000084900000|  0%| F|  |TAMS 0x0000000084800000| PB 0x0000000084800000| Untracked 
|  27|0x0000000084900000, 0x0000000084900000, 0x0000000084a00000|  0%| F|  |TAMS 0x0000000084900000| PB 0x0000000084900000| Untracked 
|  28|0x0000000084a00000, 0x0000000084a00000, 0x0000000084b00000|  0%| F|  |TAMS 0x0000000084a00000| PB 0x0000000084a00000| Untracked 
|  29|0x0000000084b00000, 0x0000000084b00000, 0x0000000084c00000|  0%| F|  |TAMS 0x0000000084b00000| PB 0x0000000084b00000| Untracked 
|  30|0x0000000084c00000, 0x0000000084c00000, 0x0000000084d00000|  0%| F|  |TAMS 0x0000000084c00000| PB 0x0000000084c00000| Untracked 
|  31|0x0000000084d00000, 0x0000000084d00000, 0x0000000084e00000|  0%| F|  |TAMS 0x0000000084d00000| PB 0x0000000084d00000| Untracked 
|  32|0x0000000084e00000, 0x0000000084e00000, 0x0000000084f00000|  0%| F|  |TAMS 0x0000000084e00000| PB 0x0000000084e00000| Untracked 
|  33|0x0000000084f00000, 0x0000000084f00000, 0x0000000085000000|  0%| F|  |TAMS 0x0000000084f00000| PB 0x0000000084f00000| Untracked 
|  34|0x0000000085000000, 0x0000000085000000, 0x0000000085100000|  0%| F|  |TAMS 0x0000000085000000| PB 0x0000000085000000| Untracked 
|  35|0x0000000085100000, 0x0000000085100000, 0x0000000085200000|  0%| F|  |TAMS 0x0000000085100000| PB 0x0000000085100000| Untracked 
|  36|0x0000000085200000, 0x0000000085200000, 0x0000000085300000|  0%| F|  |TAMS 0x0000000085200000| PB 0x0000000085200000| Untracked 
|  37|0x0000000085300000, 0x0000000085300000, 0x0000000085400000|  0%| F|  |TAMS 0x0000000085300000| PB 0x0000000085300000| Untracked 
|  38|0x0000000085400000, 0x0000000085400000, 0x0000000085500000|  0%| F|  |TAMS 0x0000000085400000| PB 0x0000000085400000| Untracked 
|  39|0x0000000085500000, 0x0000000085500000, 0x0000000085600000|  0%| F|  |TAMS 0x0000000085500000| PB 0x0000000085500000| Untracked 
|  40|0x0000000085600000, 0x0000000085600000, 0x0000000085700000|  0%| F|  |TAMS 0x0000000085600000| PB 0x0000000085600000| Untracked 
|  41|0x0000000085700000, 0x0000000085700000, 0x0000000085800000|  0%| F|  |TAMS 0x0000000085700000| PB 0x0000000085700000| Untracked 
|  42|0x0000000085800000, 0x0000000085800000, 0x0000000085900000|  0%| F|  |TAMS 0x0000000085800000| PB 0x0000000085800000| Untracked 
|  43|0x0000000085900000, 0x0000000085900000, 0x0000000085a00000|  0%| F|  |TAMS 0x0000000085900000| PB 0x0000000085900000| Untracked 
|  44|0x0000000085a00000, 0x0000000085a00000, 0x0000000085b00000|  0%| F|  |TAMS 0x0000000085a00000| PB 0x0000000085a00000| Untracked 
|  45|0x0000000085b00000, 0x0000000085b00000, 0x0000000085c00000|  0%| F|  |TAMS 0x0000000085b00000| PB 0x0000000085b00000| Untracked 
|  46|0x0000000085c00000, 0x0000000085c00000, 0x0000000085d00000|  0%| F|  |TAMS 0x0000000085c00000| PB 0x0000000085c00000| Untracked 
|  47|0x0000000085d00000, 0x0000000085d00000, 0x0000000085e00000|  0%| F|  |TAMS 0x0000000085d00000| PB 0x0000000085d00000| Untracked 
|  48|0x0000000085e00000, 0x0000000085e00000, 0x0000000085f00000|  0%| F|  |TAMS 0x0000000085e00000| PB 0x0000000085e00000| Untracked 
|  49|0x0000000085f00000, 0x0000000085f00000, 0x0000000086000000|  0%| F|  |TAMS 0x0000000085f00000| PB 0x0000000085f00000| Untracked 
|  50|0x0000000086000000, 0x0000000086000000, 0x0000000086100000|  0%| F|  |TAMS 0x0000000086000000| PB 0x0000000086000000| Untracked 
|  51|0x0000000086100000, 0x0000000086100000, 0x0000000086200000|  0%| F|  |TAMS 0x0000000086100000| PB 0x0000000086100000| Untracked 
|  52|0x0000000086200000, 0x0000000086200000, 0x0000000086300000|  0%| F|  |TAMS 0x0000000086200000| PB 0x0000000086200000| Untracked 
|  53|0x0000000086300000, 0x0000000086300000, 0x0000000086400000|  0%| F|  |TAMS 0x0000000086300000| PB 0x0000000086300000| Untracked 
|  54|0x0000000086400000, 0x0000000086400000, 0x0000000086500000|  0%| F|  |TAMS 0x0000000086400000| PB 0x0000000086400000| Untracked 
|  55|0x0000000086500000, 0x0000000086500000, 0x0000000086600000|  0%| F|  |TAMS 0x0000000086500000| PB 0x0000000086500000| Untracked 
|  56|0x0000000086600000, 0x0000000086600000, 0x0000000086700000|  0%| F|  |TAMS 0x0000000086600000| PB 0x0000000086600000| Untracked 
|  57|0x0000000086700000, 0x0000000086700000, 0x0000000086800000|  0%| F|  |TAMS 0x0000000086700000| PB 0x0000000086700000| Untracked 
|  58|0x0000000086800000, 0x0000000086800000, 0x0000000086900000|  0%| F|  |TAMS 0x0000000086800000| PB 0x0000000086800000| Untracked 
|  59|0x0000000086900000, 0x0000000086900000, 0x0000000086a00000|  0%| F|  |TAMS 0x0000000086900000| PB 0x0000000086900000| Untracked 
|  60|0x0000000086a00000, 0x0000000086a00000, 0x0000000086b00000|  0%| F|  |TAMS 0x0000000086a00000| PB 0x0000000086a00000| Untracked 
|  61|0x0000000086b00000, 0x0000000086b00000, 0x0000000086c00000|  0%| F|  |TAMS 0x0000000086b00000| PB 0x0000000086b00000| Untracked 
|  62|0x0000000086c00000, 0x0000000086c00000, 0x0000000086d00000|  0%| F|  |TAMS 0x0000000086c00000| PB 0x0000000086c00000| Untracked 
|  63|0x0000000086d00000, 0x0000000086d00000, 0x0000000086e00000|  0%| F|  |TAMS 0x0000000086d00000| PB 0x0000000086d00000| Untracked 
|  64|0x0000000086e00000, 0x0000000086e00000, 0x0000000086f00000|  0%| F|  |TAMS 0x0000000086e00000| PB 0x0000000086e00000| Untracked 
|  65|0x0000000086f00000, 0x0000000086f00000, 0x0000000087000000|  0%| F|  |TAMS 0x0000000086f00000| PB 0x0000000086f00000| Untracked 
|  66|0x0000000087000000, 0x0000000087000000, 0x0000000087100000|  0%| F|  |TAMS 0x0000000087000000| PB 0x0000000087000000| Untracked 
|  67|0x0000000087100000, 0x0000000087100000, 0x0000000087200000|  0%| F|  |TAMS 0x0000000087100000| PB 0x0000000087100000| Untracked 
|  68|0x0000000087200000, 0x0000000087200000, 0x0000000087300000|  0%| F|  |TAMS 0x0000000087200000| PB 0x0000000087200000| Untracked 
|  69|0x0000000087300000, 0x0000000087300000, 0x0000000087400000|  0%| F|  |TAMS 0x0000000087300000| PB 0x0000000087300000| Untracked 
|  70|0x0000000087400000, 0x0000000087400000, 0x0000000087500000|  0%| F|  |TAMS 0x0000000087400000| PB 0x0000000087400000| Untracked 
|  71|0x0000000087500000, 0x0000000087500000, 0x0000000087600000|  0%| F|  |TAMS 0x0000000087500000| PB 0x0000000087500000| Untracked 
|  72|0x0000000087600000, 0x0000000087600000, 0x0000000087700000|  0%| F|  |TAMS 0x0000000087600000| PB 0x0000000087600000| Untracked 
|  73|0x0000000087700000, 0x0000000087700000, 0x0000000087800000|  0%| F|  |TAMS 0x0000000087700000| PB 0x0000000087700000| Untracked 
|  74|0x0000000087800000, 0x0000000087800000, 0x0000000087900000|  0%| F|  |TAMS 0x0000000087800000| PB 0x0000000087800000| Untracked 
|  75|0x0000000087900000, 0x0000000087900000, 0x0000000087a00000|  0%| F|  |TAMS 0x0000000087900000| PB 0x0000000087900000| Untracked 
|  76|0x0000000087a00000, 0x0000000087a00000, 0x0000000087b00000|  0%| F|  |TAMS 0x0000000087a00000| PB 0x0000000087a00000| Untracked 
|  77|0x0000000087b00000, 0x0000000087b00000, 0x0000000087c00000|  0%| F|  |TAMS 0x0000000087b00000| PB 0x0000000087b00000| Untracked 
|  78|0x0000000087c00000, 0x0000000087c00000, 0x0000000087d00000|  0%| F|  |TAMS 0x0000000087c00000| PB 0x0000000087c00000| Untracked 
|  79|0x0000000087d00000, 0x0000000087d00000, 0x0000000087e00000|  0%| F|  |TAMS 0x0000000087d00000| PB 0x0000000087d00000| Untracked 
|  80|0x0000000087e00000, 0x0000000087e00000, 0x0000000087f00000|  0%| F|  |TAMS 0x0000000087e00000| PB 0x0000000087e00000| Untracked 
|  81|0x0000000087f00000, 0x0000000087f00000, 0x0000000088000000|  0%| F|  |TAMS 0x0000000087f00000| PB 0x0000000087f00000| Untracked 
|  82|0x0000000088000000, 0x0000000088000000, 0x0000000088100000|  0%| F|  |TAMS 0x0000000088000000| PB 0x0000000088000000| Untracked 
|  83|0x0000000088100000, 0x0000000088100000, 0x0000000088200000|  0%| F|  |TAMS 0x0000000088100000| PB 0x0000000088100000| Untracked 
|  84|0x0000000088200000, 0x0000000088200000, 0x0000000088300000|  0%| F|  |TAMS 0x0000000088200000| PB 0x0000000088200000| Untracked 
|  85|0x0000000088300000, 0x0000000088300000, 0x0000000088400000|  0%| F|  |TAMS 0x0000000088300000| PB 0x0000000088300000| Untracked 
|  86|0x0000000088400000, 0x0000000088400000, 0x0000000088500000|  0%| F|  |TAMS 0x0000000088400000| PB 0x0000000088400000| Untracked 
|  87|0x0000000088500000, 0x0000000088500000, 0x0000000088600000|  0%| F|  |TAMS 0x0000000088500000| PB 0x0000000088500000| Untracked 
|  88|0x0000000088600000, 0x0000000088600000, 0x0000000088700000|  0%| F|  |TAMS 0x0000000088600000| PB 0x0000000088600000| Untracked 
|  89|0x0000000088700000, 0x0000000088700000, 0x0000000088800000|  0%| F|  |TAMS 0x0000000088700000| PB 0x0000000088700000| Untracked 
|  90|0x0000000088800000, 0x0000000088800000, 0x0000000088900000|  0%| F|  |TAMS 0x0000000088800000| PB 0x0000000088800000| Untracked 
|  91|0x0000000088900000, 0x0000000088900000, 0x0000000088a00000|  0%| F|  |TAMS 0x0000000088900000| PB 0x0000000088900000| Untracked 
|  92|0x0000000088a00000, 0x0000000088a00000, 0x0000000088b00000|  0%| F|  |TAMS 0x0000000088a00000| PB 0x0000000088a00000| Untracked 
|  93|0x0000000088b00000, 0x0000000088b00000, 0x0000000088c00000|  0%| F|  |TAMS 0x0000000088b00000| PB 0x0000000088b00000| Untracked 
|  94|0x0000000088c00000, 0x0000000088c00000, 0x0000000088d00000|  0%| F|  |TAMS 0x0000000088c00000| PB 0x0000000088c00000| Untracked 
|  95|0x0000000088d00000, 0x0000000088d00000, 0x0000000088e00000|  0%| F|  |TAMS 0x0000000088d00000| PB 0x0000000088d00000| Untracked 
|  96|0x0000000088e00000, 0x0000000088e00000, 0x0000000088f00000|  0%| F|  |TAMS 0x0000000088e00000| PB 0x0000000088e00000| Untracked 
|  97|0x0000000088f00000, 0x0000000088f00000, 0x0000000089000000|  0%| F|  |TAMS 0x0000000088f00000| PB 0x0000000088f00000| Untracked 
|  98|0x0000000089000000, 0x0000000089000000, 0x0000000089100000|  0%| F|  |TAMS 0x0000000089000000| PB 0x0000000089000000| Untracked 
|  99|0x0000000089100000, 0x0000000089100000, 0x0000000089200000|  0%| F|  |TAMS 0x0000000089100000| PB 0x0000000089100000| Untracked 
| 100|0x0000000089200000, 0x0000000089200000, 0x0000000089300000|  0%| F|  |TAMS 0x0000000089200000| PB 0x0000000089200000| Untracked 
| 101|0x0000000089300000, 0x0000000089300000, 0x0000000089400000|  0%| F|  |TAMS 0x0000000089300000| PB 0x0000000089300000| Untracked 
| 102|0x0000000089400000, 0x0000000089400000, 0x0000000089500000|  0%| F|  |TAMS 0x0000000089400000| PB 0x0000000089400000| Untracked 
| 103|0x0000000089500000, 0x0000000089500000, 0x0000000089600000|  0%| F|  |TAMS 0x0000000089500000| PB 0x0000000089500000| Untracked 
| 104|0x0000000089600000, 0x0000000089600000, 0x0000000089700000|  0%| F|  |TAMS 0x0000000089600000| PB 0x0000000089600000| Untracked 
| 105|0x0000000089700000, 0x0000000089700000, 0x0000000089800000|  0%| F|  |TAMS 0x0000000089700000| PB 0x0000000089700000| Untracked 
| 106|0x0000000089800000, 0x0000000089800000, 0x0000000089900000|  0%| F|  |TAMS 0x0000000089800000| PB 0x0000000089800000| Untracked 
| 107|0x0000000089900000, 0x0000000089900000, 0x0000000089a00000|  0%| F|  |TAMS 0x0000000089900000| PB 0x0000000089900000| Untracked 
| 108|0x0000000089a00000, 0x0000000089a00000, 0x0000000089b00000|  0%| F|  |TAMS 0x0000000089a00000| PB 0x0000000089a00000| Untracked 
| 109|0x0000000089b00000, 0x0000000089b00000, 0x0000000089c00000|  0%| F|  |TAMS 0x0000000089b00000| PB 0x0000000089b00000| Untracked 
| 110|0x0000000089c00000, 0x0000000089c00000, 0x0000000089d00000|  0%| F|  |TAMS 0x0000000089c00000| PB 0x0000000089c00000| Untracked 
| 111|0x0000000089d00000, 0x0000000089d00000, 0x0000000089e00000|  0%| F|  |TAMS 0x0000000089d00000| PB 0x0000000089d00000| Untracked 
| 112|0x0000000089e00000, 0x0000000089e00000, 0x0000000089f00000|  0%| F|  |TAMS 0x0000000089e00000| PB 0x0000000089e00000| Untracked 
| 113|0x0000000089f00000, 0x0000000089f00000, 0x000000008a000000|  0%| F|  |TAMS 0x0000000089f00000| PB 0x0000000089f00000| Untracked 
| 114|0x000000008a000000, 0x000000008a000000, 0x000000008a100000|  0%| F|  |TAMS 0x000000008a000000| PB 0x000000008a000000| Untracked 
| 115|0x000000008a100000, 0x000000008a100000, 0x000000008a200000|  0%| F|  |TAMS 0x000000008a100000| PB 0x000000008a100000| Untracked 
| 116|0x000000008a200000, 0x000000008a200000, 0x000000008a300000|  0%| F|  |TAMS 0x000000008a200000| PB 0x000000008a200000| Untracked 
| 117|0x000000008a300000, 0x000000008a300000, 0x000000008a400000|  0%| F|  |TAMS 0x000000008a300000| PB 0x000000008a300000| Untracked 
| 118|0x000000008a400000, 0x000000008a400000, 0x000000008a500000|  0%| F|  |TAMS 0x000000008a400000| PB 0x000000008a400000| Untracked 
| 119|0x000000008a500000, 0x000000008a585a90, 0x000000008a600000| 52%| E|  |TAMS 0x000000008a500000| PB 0x000000008a500000| Complete 
| 120|0x000000008a600000, 0x000000008a700000, 0x000000008a700000|100%| E|CS|TAMS 0x000000008a600000| PB 0x000000008a600000| Complete 
| 121|0x000000008a700000, 0x000000008a800000, 0x000000008a800000|100%| E|CS|TAMS 0x000000008a700000| PB 0x000000008a700000| Complete 
| 122|0x000000008a800000, 0x000000008a900000, 0x000000008a900000|100%| E|CS|TAMS 0x000000008a800000| PB 0x000000008a800000| Complete 
| 123|0x000000008a900000, 0x000000008aa00000, 0x000000008aa00000|100%| E|CS|TAMS 0x000000008a900000| PB 0x000000008a900000| Complete 
| 124|0x000000008aa00000, 0x000000008ab00000, 0x000000008ab00000|100%| E|CS|TAMS 0x000000008aa00000| PB 0x000000008aa00000| Complete 
| 125|0x000000008ab00000, 0x000000008ac00000, 0x000000008ac00000|100%| E|CS|TAMS 0x000000008ab00000| PB 0x000000008ab00000| Complete 

Card table byte_map: [0x000001c4730c0000,0x000001c4734b0000] _byte_map_base: 0x000001c472ca9000

Marking Bits: (CMBitMap*) 0x000001c45b8bfa40
 Bits: [0x000001c4734b0000, 0x000001c4753f8000)

Polling page: 0x000001c459800000

Metaspace:

Usage:
  Non-class:      5.46 MB used.
      Class:    716.23 KB used.
       Both:      6.16 MB used.

Virtual space:
  Non-class space:       64.00 MB reserved,       5.50 MB (  9%) committed,  1 nodes.
      Class space:        1.00 GB reserved,     768.00 KB ( <1%) committed,  1 nodes.
             Both:        1.06 GB reserved,       6.25 MB ( <1%) committed. 

Chunk freelists:
   Non-Class:  10.38 MB
       Class:  15.25 MB
        Both:  25.63 MB

MaxMetaspaceSize: unlimited
CompressedClassSpaceSize: 1.00 GB
Initial GC threshold: 21.00 MB
Current GC threshold: 21.00 MB
CDS: on
 - commit_granule_bytes: 65536.
 - commit_granule_words: 8192.
 - virtual_space_node_default_size: 8388608.
 - enlarge_chunks_in_place: 1.
 - use_allocation_guard: 0.


Internal statistics:

num_allocs_failed_limit: 0.
num_arena_births: 112.
num_arena_deaths: 0.
num_vsnodes_births: 2.
num_vsnodes_deaths: 0.
num_space_committed: 100.
num_space_uncommitted: 0.
num_chunks_returned_to_freelist: 0.
num_chunks_taken_from_freelist: 131.
num_chunk_merges: 0.
num_chunk_splits: 84.
num_chunks_enlarged: 41.
num_inconsistent_stats: 0.

CodeHeap 'non-profiled nmethods': size=120000Kb used=183Kb max_used=183Kb free=119816Kb
 bounds [0x000001c46b7a0000, 0x000001c46ba10000, 0x000001c472cd0000]
CodeHeap 'profiled nmethods': size=120000Kb used=882Kb max_used=882Kb free=119118Kb
 bounds [0x000001c463cd0000, 0x000001c463f40000, 0x000001c46b200000]
CodeHeap 'non-nmethods': size=5760Kb used=1453Kb max_used=1472Kb free=4306Kb
 bounds [0x000001c46b200000, 0x000001c46b470000, 0x000001c46b7a0000]
 total_blobs=1155 nmethods=616 adapters=444
 compilation: enabled
              stopped_count=0, restarted_count=0
 full_count=0

Compilation events (20 events):
Event: 1.207 Thread 0x000001c4778c89c0 nmethod 596 0x000001c46b7cb490 code [0x000001c46b7cb620, 0x000001c46b7cb6a8]
Event: 1.208 Thread 0x000001c4778cb470 nmethod 605 0x000001c463da8a90 code [0x000001c463da8c80, 0x000001c463da9098]
Event: 1.208 Thread 0x000001c4778cb470  608       3       java.lang.invoke.LambdaFormEditor::getInCache (165 bytes)
Event: 1.209 Thread 0x000001c4778cb470 nmethod 608 0x000001c463da9290 code [0x000001c463da9520, 0x000001c463daa418]
Event: 1.209 Thread 0x000001c4778cb470  606       3       java.lang.invoke.LambdaFormEditor$TransformKey::inRange (36 bytes)
Event: 1.209 Thread 0x000001c4778cb470 nmethod 606 0x000001c463daa790 code [0x000001c463daa920, 0x000001c463daaa80]
Event: 1.209 Thread 0x000001c4778cb470  607       3       java.lang.invoke.LambdaFormEditor$TransformKey::<init> (15 bytes)
Event: 1.209 Thread 0x000001c4778cb470 nmethod 607 0x000001c463daab10 code [0x000001c463daacc0, 0x000001c463daae58]
Event: 1.210 Thread 0x000001c4778c89c0  609       4       jdk.internal.util.ArraysSupport::vectorizedHashCode (158 bytes)
Event: 1.216 Thread 0x000001c4778c89c0 nmethod 609 0x000001c46b7cb790 code [0x000001c46b7cb920, 0x000001c46b7cbb60]
Event: 1.216 Thread 0x000001c4778cb470  610       3       jdk.internal.loader.NativeLibraries$NativeLibraryImpl::find (9 bytes)
Event: 1.216 Thread 0x000001c4778cb470 nmethod 610 0x000001c463daaf10 code [0x000001c463dab0c0, 0x000001c463dab200]
Event: 1.219 Thread 0x000001c4778cb470  612       3       java.lang.CharacterData::of (136 bytes)
Event: 1.220 Thread 0x000001c4778cb470 nmethod 612 0x000001c463dab290 code [0x000001c463dab4e0, 0x000001c463dabe68]
Event: 1.220 Thread 0x000001c4778cb470  613       3       java.lang.Character::charCount (12 bytes)
Event: 1.220 Thread 0x000001c4778cb470 nmethod 613 0x000001c463dac090 code [0x000001c463dac240, 0x000001c463dac3b0]
Event: 1.220 Thread 0x000001c4778cb470  614       3       java.lang.CharacterDataLatin1::getProperties (11 bytes)
Event: 1.220 Thread 0x000001c4778cb470 nmethod 614 0x000001c463dac410 code [0x000001c463dac5c0, 0x000001c463dac708]
Event: 1.220 Thread 0x000001c4778cb470  615       3       javax.swing.UIDefaults$TextAndMnemonicHashMap::get (358 bytes)
Event: 1.227 Thread 0x000001c4778c89c0  619       4       java.util.HashMap::put (13 bytes)

GC Heap History (0 events):
No events

Dll operation events (9 events):
Event: 0.011 Loaded shared library C:\Program Files\Java\jdk-21\bin\java.dll
Event: 0.073 Loaded shared library C:\Program Files\Java\jdk-21\bin\jsvml.dll
Event: 0.236 Loaded shared library C:\Program Files\Java\jdk-21\bin\net.dll
Event: 0.240 Loaded shared library C:\Program Files\Java\jdk-21\bin\nio.dll
Event: 0.368 Loaded shared library C:\Program Files\Java\jdk-21\bin\zip.dll
Event: 0.503 Loaded shared library C:\Program Files\Java\jdk-21\bin\jimage.dll
Event: 0.777 Loaded shared library C:\Program Files\Java\jdk-21\bin\awt.dll
Event: 1.106 Loaded shared library C:\Program Files\Java\jdk-21\bin\freetype.dll
Event: 1.107 Loaded shared library C:\Program Files\Java\jdk-21\bin\fontmanager.dll

Deoptimization events (4 events):
Event: 0.316 Thread 0x000001c45b86d6b0 Uncommon trap: trap_request=0xffffff45 fr.pc=0x000001c46b7aef2c relative=0x0000000000000a4c
Event: 0.316 Thread 0x000001c45b86d6b0 Uncommon trap: reason=unstable_if action=reinterpret pc=0x000001c46b7aef2c method=java.util.HashMap.putVal(ILjava/lang/Object;Ljava/lang/Object;ZZ)Ljava/lang/Object; @ 236 c2
Event: 0.316 Thread 0x000001c45b86d6b0 DEOPT PACKING pc=0x000001c46b7aef2c sp=0x0000000f03cfe910
Event: 0.316 Thread 0x000001c45b86d6b0 DEOPT UNPACKING pc=0x000001c46b2546a2 sp=0x0000000f03cfe8c8 mode 2

Classes loaded (20 events):
Event: 1.223 Loading class javax/swing/plaf/synth/SynthContext
Event: 1.223 Loading class javax/swing/plaf/synth/SynthContext done
Event: 1.223 Loading class javax/swing/plaf/nimbus/NimbusStyle
Event: 1.223 Loading class javax/swing/plaf/nimbus/NimbusStyle done
Event: 1.224 Loading class javax/swing/plaf/nimbus/NimbusStyle$1
Event: 1.224 Loading class javax/swing/plaf/nimbus/NimbusStyle$1 done
Event: 1.224 Loading class javax/swing/plaf/nimbus/NimbusStyle$CacheKey
Event: 1.224 Loading class javax/swing/plaf/nimbus/NimbusStyle$CacheKey done
Event: 1.224 Loading class javax/swing/plaf/nimbus/SynthPainterImpl
Event: 1.225 Loading class javax/swing/plaf/synth/SynthPainter
Event: 1.226 Loading class javax/swing/plaf/synth/SynthPainter done
Event: 1.226 Loading class javax/swing/plaf/nimbus/SynthPainterImpl done
Event: 1.226 Loading class javax/swing/plaf/synth/SynthPainter$1
Event: 1.226 Loading class javax/swing/plaf/synth/SynthPainter$1 done
Event: 1.227 Loading class javax/swing/plaf/synth/SynthBorder
Event: 1.227 Loading class javax/swing/plaf/synth/SynthBorder done
Event: 1.227 Loading class javax/swing/plaf/nimbus/NimbusStyle$Values
Event: 1.227 Loading class javax/swing/plaf/nimbus/NimbusStyle$Values done
Event: 1.227 Loading class java/util/Hashtable$EntrySet
Event: 1.227 Loading class java/util/Hashtable$EntrySet done

Classes unloaded (0 events):
No events

Classes redefined (0 events):
No events

Internal exceptions (20 events):
Event: 1.169 Thread 0x000001c45b86d6b0 Exception <a 'java/lang/ClassNotFoundException'{0x000000008a6397f8}: PasswordField> (0x000000008a6397f8) 
thrown [s\open\src\hotspot\share\classfile\systemDictionary.cpp, line 312]
Event: 1.169 Thread 0x000001c45b86d6b0 Exception <a 'java/lang/ClassNotFoundException'{0x000000008a639d40}: TextArea> (0x000000008a639d40) 
thrown [s\open\src\hotspot\share\classfile\systemDictionary.cpp, line 312]
Event: 1.170 Thread 0x000001c45b86d6b0 Exception <a 'java/lang/ClassNotFoundException'{0x000000008a63a660}: TextPane> (0x000000008a63a660) 
thrown [s\open\src\hotspot\share\classfile\systemDictionary.cpp, line 312]
Event: 1.171 Thread 0x000001c45b86d6b0 Exception <a 'java/lang/ClassNotFoundException'{0x000000008a63aac8}: EditorPane> (0x000000008a63aac8) 
thrown [s\open\src\hotspot\share\classfile\systemDictionary.cpp, line 312]
Event: 1.171 Thread 0x000001c45b86d6b0 Exception <a 'java/lang/ClassNotFoundException'{0x000000008a63b418}: ToolBar> (0x000000008a63b418) 
thrown [s\open\src\hotspot\share\classfile\systemDictionary.cpp, line 312]
Event: 1.171 Thread 0x000001c45b86d6b0 Exception <a 'java/lang/ClassNotFoundException'{0x000000008a63b910}: ToolBar> (0x000000008a63b910) 
thrown [s\open\src\hotspot\share\classfile\systemDictionary.cpp, line 312]
Event: 1.171 Thread 0x000001c45b86d6b0 Exception <a 'java/lang/ClassNotFoundException'{0x000000008a63bc70}: Button> (0x000000008a63bc70) 
thrown [s\open\src\hotspot\share\classfile\systemDictionary.cpp, line 312]
Event: 1.171 Thread 0x000001c45b86d6b0 Exception <a 'java/lang/ClassNotFoundException'{0x000000008a63c138}: ToolBar> (0x000000008a63c138) 
thrown [s\open\src\hotspot\share\classfile\systemDictionary.cpp, line 312]
Event: 1.171 Thread 0x000001c45b86d6b0 Exception <a 'java/lang/ClassNotFoundException'{0x000000008a63c4a8}: ToggleButton> (0x000000008a63c4a8) 
thrown [s\open\src\hotspot\share\classfile\systemDictionary.cpp, line 312]
Event: 1.171 Thread 0x000001c45b86d6b0 Exception <a 'java/lang/ClassNotFoundException'{0x000000008a63c8e8}: javax/swing/JToolBarSeparator> (0x000000008a63c8e8) 
thrown [s\open\src\hotspot\share\classfile\systemDictionary.cpp, line 312]
Event: 1.171 Thread 0x000001c45b86d6b0 Exception <a 'java/lang/ClassNotFoundException'{0x000000008a63cbf8}: ToolBarSeparator> (0x000000008a63cbf8) 
thrown [s\open\src\hotspot\share\classfile\systemDictionary.cpp, line 312]
Event: 1.171 Thread 0x000001c45b86d6b0 Exception <a 'java/lang/ClassNotFoundException'{0x000000008a63d100}: ToolTip> (0x000000008a63d100) 
thrown [s\open\src\hotspot\share\classfile\systemDictionary.cpp, line 312]
Event: 1.173 Thread 0x000001c45b86d6b0 Exception <a 'java/lang/ClassNotFoundException'{0x000000008a63da40}: Tree> (0x000000008a63da40) 
thrown [s\open\src\hotspot\share\classfile\systemDictionary.cpp, line 312]
Event: 1.173 Thread 0x000001c45b86d6b0 Exception <a 'java/lang/ClassNotFoundException'{0x000000008a63df38}: Tree> (0x000000008a63df38) 
thrown [s\open\src\hotspot\share\classfile\systemDictionary.cpp, line 312]
Event: 1.173 Thread 0x000001c45b86d6b0 Exception <a 'java/lang/ClassNotFoundException'{0x000000008a63e2a8}: javax/swing/JTreeCell> (0x000000008a63e2a8) 
thrown [s\open\src\hotspot\share\classfile\systemDictionary.cpp, line 312]
Event: 1.173 Thread 0x000001c45b86d6b0 Exception <a 'java/lang/ClassNotFoundException'{0x000000008a63e5b0}: TreeCell> (0x000000008a63e5b0) 
thrown [s\open\src\hotspot\share\classfile\systemDictionary.cpp, line 312]
Event: 1.174 Thread 0x000001c45b86d6b0 Exception <a 'java/lang/ClassNotFoundException'{0x000000008a63ecb8}: RootPane> (0x000000008a63ecb8) 
thrown [s\open\src\hotspot\share\classfile\systemDictionary.cpp, line 312]
Event: 1.178 Thread 0x000001c45b86d6b0 Exception <a 'java/lang/ClassNotFoundException'{0x000000008a641a48}: com/sun/swing/internal/plaf/metal/resources/spi/metalProvider> (0x000000008a641a48) 
thrown [s\open\src\hotspot\share\classfile\systemDictionary.cpp, line 312]
Event: 1.180 Thread 0x000001c45b86d6b0 Exception <a 'java/lang/ClassNotFoundException'{0x000000008a645950}: com/sun/swing/internal/plaf/basic/resources/spi/basicProvider> (0x000000008a645950) 
thrown [s\open\src\hotspot\share\classfile\systemDictionary.cpp, line 312]
Event: 1.219 Thread 0x000001c47c579070 Exception <a 'java/lang/ClassNotFoundException'{0x000000008a514378}: com/sun/swing/internal/plaf/synth/resources/spi/synthProvider> (0x000000008a514378) 
thrown [s\open\src\hotspot\share\classfile\systemDictionary.cpp, line 312]

ZGC Phase Switch (0 events):
No events

VM Operations (4 events):
Event: 0.249 Executing VM operation: HandshakeAllThreads (Deoptimize)
Event: 0.249 Executing VM operation: HandshakeAllThreads (Deoptimize) done
Event: 0.917 Executing VM operation: HandshakeAllThreads (Deoptimize)
Event: 0.917 Executing VM operation: HandshakeAllThreads (Deoptimize) done

Events (17 events):
Event: 0.037 Thread 0x000001c45b86d6b0 Thread added: 0x000001c45b86d6b0
Event: 0.069 Thread 0x000001c4778abfc0 Thread added: 0x000001c4778abfc0
Event: 0.070 Thread 0x000001c4778acee0 Thread added: 0x000001c4778acee0
Event: 0.070 Thread 0x000001c4778b0f50 Thread added: 0x000001c4778b0f50
Event: 0.070 Thread 0x000001c4778b39c0 Thread added: 0x000001c4778b39c0
Event: 0.070 Thread 0x000001c4778b4420 Thread added: 0x000001c4778b4420
Event: 0.070 Thread 0x000001c4778b4e80 Thread added: 0x000001c4778b4e80
Event: 0.071 Thread 0x000001c4778c89c0 Thread added: 0x000001c4778c89c0
Event: 0.071 Thread 0x000001c4778cb470 Thread added: 0x000001c4778cb470
Event: 0.190 Thread 0x000001c477b07a50 Thread added: 0x000001c477b07a50
Event: 0.338 Thread 0x000001c477c114b0 Thread added: 0x000001c477c114b0
Event: 0.993 Thread 0x000001c477ca8bd0 Thread added: 0x000001c477ca8bd0
Event: 0.996 Thread 0x000001c477d51fb0 Thread added: 0x000001c477d51fb0
Event: 0.999 Thread 0x000001c477d54630 Thread added: 0x000001c477d54630
Event: 1.197 Thread 0x000001c47c579070 Thread added: 0x000001c47c579070
Event: 1.199 Thread 0x000001c45b86d6b0 Thread exited: 0x000001c45b86d6b0
Event: 1.199 Thread 0x000001c45b86d6b0 Thread added: 0x000001c45b86d6b0


Dynamic libraries:
0x00007ff748310000 - 0x00007ff748320000 	C:\Program Files\Java\jdk-21\bin\java.exe
0x00007ffc66e10000 - 0x00007ffc67008000 	C:\Windows\SYSTEM32\ntdll.dll
0x00007ffc66a00000 - 0x00007ffc66abd000 	C:\Windows\System32\KERNEL32.DLL
0x00007ffc648b0000 - 0x00007ffc64ba6000 	C:\Windows\System32\KERNELBASE.dll
0x00007ffc64d00000 - 0x00007ffc64e00000 	C:\Windows\System32\ucrtbase.dll
0x00007ffc5db80000 - 0x00007ffc5db99000 	C:\Program Files\Java\jdk-21\bin\jli.dll
0x00007ffc52100000 - 0x00007ffc5211b000 	C:\Program Files\Java\jdk-21\bin\VCRUNTIME140.dll
0x00007ffc64ee0000 - 0x00007ffc64f93000 	C:\Windows\System32\ADVAPI32.dll
0x00007ffc665c0000 - 0x00007ffc6665e000 	C:\Windows\System32\msvcrt.dll
0x00007ffc66660000 - 0x00007ffc666ff000 	C:\Windows\System32\sechost.dll
0x00007ffc65b90000 - 0x00007ffc65cb6000 	C:\Windows\System32\RPCRT4.dll
0x00007ffc64bb0000 - 0x00007ffc64bd7000 	C:\Windows\System32\bcrypt.dll
0x00007ffc66700000 - 0x00007ffc6689e000 	C:\Windows\System32\USER32.dll
0x00007ffc64680000 - 0x00007ffc646a2000 	C:\Windows\System32\win32u.dll
0x00007ffc49ae0000 - 0x00007ffc49d7a000 	C:\Windows\WinSxS\amd64_microsoft.windows.common-controls_6595b64144ccf1df_6.0.19041.3636_none_60b6a03d71f818d5\COMCTL32.dll
0x00007ffc66c40000 - 0x00007ffc66c6b000 	C:\Windows\System32\GDI32.dll
0x00007ffc64be0000 - 0x00007ffc64cf7000 	C:\Windows\System32\gdi32full.dll
0x00007ffc646b0000 - 0x00007ffc6474d000 	C:\Windows\System32\msvcp_win.dll
0x00007ffc53ca0000 - 0x00007ffc53caa000 	C:\Windows\SYSTEM32\VERSION.dll
0x00007ffc66c70000 - 0x00007ffc66ca2000 	C:\Windows\System32\IMM32.DLL
0x00007ffc5f9c0000 - 0x00007ffc5f9cc000 	C:\Program Files\Java\jdk-21\bin\vcruntime140_1.dll
0x00007ffc36f20000 - 0x00007ffc36fae000 	C:\Program Files\Java\jdk-21\bin\msvcp140.dll
0x00007ffc13e60000 - 0x00007ffc14b75000 	C:\Program Files\Java\jdk-21\bin\server\jvm.dll
0x00007ffc66470000 - 0x00007ffc664db000 	C:\Windows\System32\WS2_32.dll
0x00007ffc4c320000 - 0x00007ffc4c347000 	C:\Windows\SYSTEM32\WINMM.dll
0x00007ffc64330000 - 0x00007ffc6437b000 	C:\Windows\SYSTEM32\POWRPROF.dll
0x00007ffc64310000 - 0x00007ffc64322000 	C:\Windows\SYSTEM32\UMPDC.dll
0x00007ffc62d10000 - 0x00007ffc62d22000 	C:\Windows\SYSTEM32\kernel.appcore.dll
0x00007ffc5bf10000 - 0x00007ffc5bf1a000 	C:\Program Files\Java\jdk-21\bin\jimage.dll
0x00007ffc5fdc0000 - 0x00007ffc5ffa4000 	C:\Windows\SYSTEM32\DBGHELP.DLL
0x00007ffc50c30000 - 0x00007ffc50c64000 	C:\Windows\SYSTEM32\dbgcore.DLL
0x00007ffc64580000 - 0x00007ffc64602000 	C:\Windows\System32\bcryptPrimitives.dll
0x00007ffc520e0000 - 0x00007ffc520ff000 	C:\Program Files\Java\jdk-21\bin\java.dll
0x00007ffc64fa0000 - 0x00007ffc656e5000 	C:\Windows\System32\SHELL32.dll
0x00007ffc62550000 - 0x00007ffc62cec000 	C:\Windows\SYSTEM32\windows.storage.dll
0x00007ffc65750000 - 0x00007ffc65aa4000 	C:\Windows\System32\combase.dll
0x00007ffc63e30000 - 0x00007ffc63e5e000 	C:\Windows\SYSTEM32\Wldp.dll
0x00007ffc65ab0000 - 0x00007ffc65b7d000 	C:\Windows\System32\OLEAUT32.dll
0x00007ffc66d10000 - 0x00007ffc66dbd000 	C:\Windows\System32\SHCORE.dll
0x00007ffc66ac0000 - 0x00007ffc66b15000 	C:\Windows\System32\shlwapi.dll
0x00007ffc64400000 - 0x00007ffc64425000 	C:\Windows\SYSTEM32\profapi.dll
0x00007ffc35ef0000 - 0x00007ffc35fc7000 	C:\Program Files\Java\jdk-21\bin\jsvml.dll
0x00007ffc520c0000 - 0x00007ffc520d0000 	C:\Program Files\Java\jdk-21\bin\net.dll
0x00007ffc53a10000 - 0x00007ffc53b1a000 	C:\Windows\SYSTEM32\WINHTTP.dll
0x00007ffc63b90000 - 0x00007ffc63bfa000 	C:\Windows\system32\mswsock.dll
0x00007ffc4b3d0000 - 0x00007ffc4b3e6000 	C:\Program Files\Java\jdk-21\bin\nio.dll
0x00007ffc48740000 - 0x00007ffc48758000 	C:\Program Files\Java\jdk-21\bin\zip.dll
0x00007ffc20430000 - 0x00007ffc205bf000 	C:\Program Files\Java\jdk-21\bin\awt.dll
0x00007ffc61c20000 - 0x00007ffc61cb0000 	C:\Windows\SYSTEM32\apphelp.dll
0x00007ffc61dc0000 - 0x00007ffc61e5e000 	C:\Windows\system32\uxtheme.dll
0x00007ffc66b20000 - 0x00007ffc66c34000 	C:\Windows\System32\MSCTF.dll
0x00007ffc66340000 - 0x00007ffc6646b000 	C:\Windows\System32\ole32.dll
0x00007ffc61fa0000 - 0x00007ffc61fcf000 	C:\Windows\system32\DWMAPI.DLL
0x00007ffc33470000 - 0x00007ffc334f7000 	C:\Program Files\Java\jdk-21\bin\freetype.dll
0x00007ffc32380000 - 0x00007ffc32453000 	C:\Program Files\Java\jdk-21\bin\fontmanager.dll
0x00007ffc4bb50000 - 0x00007ffc4bc75000 	C:\Windows\system32\opengl32.dll
0x00007ffc5d960000 - 0x00007ffc5d98c000 	C:\Windows\SYSTEM32\GLU32.dll

dbghelp: loaded successfully - version: 4.0.5 - missing functions: none
symbol engine: initialized successfully - sym options: 0x614 - pdb path: .;C:\Program Files\Java\jdk-21\bin;C:\Windows\SYSTEM32;C:\Windows\WinSxS\amd64_microsoft.windows.common-controls_6595b64144ccf1df_6.0.19041.3636_none_60b6a03d71f818d5;C:\Program Files\Java\jdk-21\bin\server

VM Arguments:
jvm_args: -Dfile.encoding=UTF-8 -Djava.security.policy=applet.policy --module-path=C:\Users\Perso\OneDrive\Documents\NetBeansProjects\Hotel_System\build\classes 
java_command: hotel_system.ManageClientsForm
java_class_path (initial): C:\Users\Perso\Downloads\mysql-connector-java-5.1.47\mysql-connector-java-5.1.47\mysql-connector-java-5.1.47.jar;C:\Users\Perso\Downloads\mysql-connector-java-5.1.47\mysql-connector-java-5.1.47\mysql-connector-java-5.1.47-bin.jar;C:\Users\Perso\OneDrive\Documents\NetBeansProjects\Hotel_System\build\classes
Launcher Type: SUN_STANDARD

[Global flags]
     intx CICompilerCount                          = 3                                         {product} {ergonomic}
     uint ConcGCThreads                            = 1                                         {product} {ergonomic}
     uint G1ConcRefinementThreads                  = 4                                         {product} {ergonomic}
   size_t G1HeapRegionSize                         = 1048576                                   {product} {ergonomic}
    uintx GCDrainStackTargetSize                   = 64                                        {product} {ergonomic}
   size_t InitialHeapSize                          = 132120576                                 {product} {ergonomic}
   size_t MarkStackSize                            = 4194304                                   {product} {ergonomic}
   size_t MaxHeapSize                              = 2099249152                                {product} {ergonomic}
   size_t MaxNewSize                               = 1259339776                                {product} {ergonomic}
   size_t MinHeapDeltaBytes                        = 1048576                                   {product} {ergonomic}
   size_t MinHeapSize                              = 8388608                                   {product} {ergonomic}
    uintx NonNMethodCodeHeapSize                   = 5832780                                {pd product} {ergonomic}
    uintx NonProfiledCodeHeapSize                  = 122912730                              {pd product} {ergonomic}
    uintx ProfiledCodeHeapSize                     = 122912730                              {pd product} {ergonomic}
    uintx ReservedCodeCacheSize                    = 251658240                              {pd product} {ergonomic}
     bool SegmentedCodeCache                       = true                                      {product} {ergonomic}
   size_t SoftMaxHeapSize                          = 2099249152                             {manageable} {ergonomic}
     bool UseCompressedOops                        = true                           {product lp64_product} {ergonomic}
     bool UseG1GC                                  = true                                      {product} {ergonomic}
     bool UseLargePagesIndividualAllocation        = false                                  {pd product} {ergonomic}

Logging:
Log output configuration:
 #0: stdout all=warning uptime,level,tags foldmultilines=false
 #1: stderr all=off uptime,level,tags foldmultilines=false

Environment Variables:
JAVA_HOME=C:\Program Files\Java\jdk-21
PATH=C:\Program Files\Common Files\Oracle\Java\javapath;C:\Windows\system32;C:\Windows;C:\Windows\System32\Wbem;C:\Windows\System32\WindowsPowerShell\v1.0\;C:\Windows\System32\OpenSSH\;C:\Program Files\Microsoft SQL Server\Client SDK\ODBC\170\Tools\Binn\;C:\Program Files\dotnet\;C:\Program Files (x86)\Microsoft SQL Server\160\Tools\Binn\;C:\Program Files\Microsoft SQL Server\160\Tools\Binn\;C:\Program Files\Microsoft SQL Server\160\DTS\Binn\;C:\Program Files\Java\jdk-21\bin;C:\Program Files (x86)\Microsoft SQL Server\160\DTS\Binn\;C:\Program Files\Azure Data Studio\bin;C:\Users\Perso\AppData\Local\Microsoft\WindowsApps;;C:\Users\Perso\AppData\Local\Programs\Microsoft VS Code\bin;C:\Users\Perso\.dotnet\tools;C:\Program Files\Azure Data Studio\bin;C:\Program Files\Azure Data Studio\bin;C:\Program Files\Azure Data Studio\bin;C:\Program Files\Azure Data Studio\bin
USERNAME=Perso
OS=Windows_NT
PROCESSOR_IDENTIFIER=Intel64 Family 6 Model 78 Stepping 3, GenuineIntel
TMP=C:\Users\Perso\AppData\Local\Temp
TEMP=C:\Users\Perso\AppData\Local\Temp




Periodic native trim disabled

---------------  S Y S T E M  ---------------

OS:
 Windows 10 , 64 bit Build 19041 (10.0.19041.3636)
OS uptime: 15 days 18:57 hours

CPU: total 4 (initial active 4) (2 cores per cpu, 2 threads per core) family 6 model 78 stepping 3 microcode 0xcc, cx8, cmov, fxsr, ht, mmx, 3dnowpref, sse, sse2, sse3, ssse3, sse4.1, sse4.2, popcnt, lzcnt, tsc, tscinvbit, avx, avx2, aes, erms, clmul, bmi1, bmi2, rtm, adx, fma, vzeroupper, clflush, clflushopt, rdtscp, f16c
Processor Information for all 4 processors :
  Max Mhz: 2501, Current Mhz: 2200, Mhz Limit: 2175

Memory: 4k page, system-wide physical 8004M (424M free)
TotalPageFile size 17429M (AvailPageFile size 8M)
current process WorkingSet (physical memory assigned to process): 56M, peak: 56M
current process commit charge ("private bytes"): 211M, peak: 211M

vm_info: Java HotSpot(TM) 64-Bit Server VM (21.0.1+12-LTS-29) for windows-amd64 JRE (21.0.1+12-LTS-29), built on 2023-10-05T13:27:09Z by "mach5one" with MS VC++ 17.1 (VS2022)

END.
