#
# There is insufficient memory for the Java Runtime Environment to continue.
# Native memory allocation (mmap) failed to map 132120576 bytes for G1 virtual space
# Possible reasons:
#   The system is out of physical RAM or swap space
#   The process is running with CompressedOops enabled, and the Java Heap may be blocking the growth of the native heap
# Possible solutions:
#   Reduce memory load on the system
#   Increase physical memory or swap space
#   Check if swap backing store is full
#   Decrease Java heap size (-Xmx/-Xms)
#   Decrease number of Java threads
#   Decrease Java thread stack sizes (-Xss)
#   Set larger code cache with -XX:ReservedCodeCacheSize=
#   JVM is running with Unscaled Compressed Oops mode in which the Java heap is
#     placed in the first 4GB address space. The Java Heap base address is the
#     maximum limit for the native heap growth. Please use -XX:HeapBaseMinAddress
#     to set the Java Heap base and to place the Java Heap above 4GB virtual address.
# This output file may be truncated or incomplete.
#
#  Out of Memory Error (os_windows.cpp:3600), pid=15964, tid=6532
#
# JRE version:  (21.0.1+12) (build )
# Java VM: Java HotSpot(TM) 64-Bit Server VM (21.0.1+12-LTS-29, mixed mode, sharing, tiered, compressed oops, compressed class ptrs, g1 gc, windows-amd64)
# No core dump will be written. Minidumps are not enabled by default on client versions of Windows
#

---------------  S U M M A R Y ------------

Command Line: -Dfile.encoding=UTF-8 -Djava.security.policy=applet.policy --module-path=C:\Users\Perso\OneDrive\Documents\NetBeansProjects\Hotel_System\build\classes hotel_system.ManageRoomsForm

Host: Intel(R) Core(TM) i5-6300U CPU @ 2.40GHz, 4 cores, 7G,  Windows 10 , 64 bit Build 19041 (10.0.19041.3636)
Time: Tue Apr  2 03:23:23 2024 Paris, Madrid (heure duild 19041 (10.0.19041.3636) elapsed time: 0.018421 seconds (0d 0h 0m 0s)

---------------  T H R E A D  ---------------

Current thread (0x000001f1f06fa530):  JavaThread "Unknown thread" [_thread_in_vm, id=6532, stack(0x0000006d1fa00000,0x0000006d1fb00000) (1024K)]

Stack: [0x0000006d1fa00000,0x0000006d1fb00000]
Native frames: (J=compiled Java code, j=interpreted, Vv=VM code, C=native code)
V  [jvm.dll+0x6c9029]
V  [jvm.dll+0x854b81]
V  [jvm.dll+0x856e5e]
V  [jvm.dll+0x857543]
V  [jvm.dll+0x280c06]
V  [jvm.dll+0x6c5715]
V  [jvm.dll+0x6ba10a]
V  [jvm.dll+0x3557ea]
V  [jvm.dll+0x35d436]
V  [jvm.dll+0x3ae1be]
V  [jvm.dll+0x3ae468]
V  [jvm.dll+0x3291fc]
V  [jvm.dll+0x329d8b]
V  [jvm.dll+0x81d179]
V  [jvm.dll+0x3bb4f1]
V  [jvm.dll+0x805ae8]
V  [jvm.dll+0x44effe]
V  [jvm.dll+0x450901]
C  [jli.dll+0x52a3]
C  [ucrtbase.dll+0x21bb2]
C  [KERNEL32.DLL+0x17344]
C  [ntdll.dll+0x526b1]


---------------  P R O C E S S  ---------------

Threads class SMR info:
_java_thread_list=0x00007ffb1a8d9b88, length=0, elements={
}

Java Threads: ( => current thread )
Total: 0

Other Threads:
  0x000001f1f27ec1d0 WorkerThread "GC Thread#0"                     [id=4496, stack(0x0000006d1fb00000,0x0000006d1fc00000) (1024K)]
  0x000001f1f27fe5d0 ConcurrentGCThread "G1 Main Marker"            [id=8844, stack(0x0000006d1fc00000,0x0000006d1fd00000) (1024K)]
  0x000001f1f27ff0d0 WorkerThread "G1 Conc#0"                       [id=9284, stack(0x0000006d1fd00000,0x0000006d1fe00000) (1024K)]

[error occurred during error reporting (printing all threads), id 0xc0000005, EXCEPTION_ACCESS_VIOLATION (0xc0000005) at pc=0x00007ffb1a04c2c7]
VM state: not at safepoint (not fully initialized)

VM Mutex/Monitor currently owned by a thread:  ([mutex/lock_event])
[0x00007ffb1a94a6f8] Heap_lock - owner thread: 0x000001f1f06fa530

Heap address: 0x0000000082e00000, size: 2002 MB, Compressed Oops mode: 32-bit

CDS archive(s) mapped at: [0x0000000000000000-0x0000000000000000-0x0000000000000000), size 0, SharedBaseAddress: 0x0000000800000000, ArchiveRelocationMode: 1.
Narrow klass base: 0x0000000000000000, Narrow klass shift: 0, Narrow klass range: 0x0

GC Precious Log:
 CardTable entry size: 512
 Card Set container configuration: InlinePtr #cards 5 size 8 Array Of Cards #cards 12 size 40 Howl #buckets 4 coarsen threshold 1843 Howl Bitmap #cards 512 size 80 coarsen threshold 460 Card regions per heap region 1 cards per card region 2048

Heap:
 garbage-first heap   total 0K, used 0K [0x0000000082e00000, 0x0000000100000000)
  region size 1024K, 0 young (0K), 0 survivors (0K)

[error occurred during error reporting (printing heap information), id 0xc0000005, EXCEPTION_ACCESS_VIOLATION (0xc0000005) at pc=0x00007ffb1a431be9]
GC Heap History (0 events):
No events

Dll operation events (1 events):
Event: 0.009 Loaded shared library C:\Program Files\Java\jdk-21\bin\java.dll

Deoptimization events (0 events):
No events

Classes loaded (0 events):
No events

Classes unloaded (0 events):
No events

Classes redefined (0 events):
No events

Internal exceptions (0 events):
No events

ZGC Phase Switch (0 events):
No events

VM Operations (0 events):
No events

Events (0 events):
No events


Dynamic libraries:
0x00007ff7bd3c0000 - 0x00007ff7bd3d0000 	C:\Program Files\Java\jdk-21\bin\java.exe
0x00007ffba2970000 - 0x00007ffba2b68000 	C:\Windows\SYSTEM32\ntdll.dll
0x00007ffba0d50000 - 0x00007ffba0e0d000 	C:\Windows\System32\KERNEL32.DLL
0x00007ffba02d0000 - 0x00007ffba05c6000 	C:\Windows\System32\KERNELBASE.dll
0x00007ffba0640000 - 0x00007ffba0740000 	C:\Windows\System32\ucrtbase.dll
0x00007ffb8e3c0000 - 0x00007ffb8e3db000 	C:\Program Files\Java\jdk-21\bin\VCRUNTIME140.dll
0x00007ffb86b90000 - 0x00007ffb86ba9000 	C:\Program Files\Java\jdk-21\bin\jli.dll
0x00007ffba20f0000 - 0x00007ffba21a0000 	C:\Windows\System32\ADVAPI32.dll
0x00007ffba0ee0000 - 0x00007ffba0f7e000 	C:\Windows\System32\msvcrt.dll
0x00007ffba26f0000 - 0x00007ffba2790000 	C:\Windows\System32\sechost.dll
0x00007ffba0a10000 - 0x00007ffba0b35000 	C:\Windows\System32\RPCRT4.dll
0x00007ffba02a0000 - 0x00007ffba02c7000 	C:\Windows\System32\bcrypt.dll
0x00007ffb9f390000 - 0x00007ffb9f62a000 	C:\Windows\WinSxS\amd64_microsoft.windows.common-controls_6595b64144ccf1df_6.0.19041.3636_none_60b6a03d71f818d5\COMCTL32.dll
0x00007ffba17a0000 - 0x00007ffba17cb000 	C:\Windows\System32\GDI32.dll
0x00007ffba1600000 - 0x00007ffba179e000 	C:\Windows\System32\USER32.dll
0x00007ffba0820000 - 0x00007ffba0842000 	C:\Windows\System32\win32u.dll
0x00007ffba0020000 - 0x00007ffba0137000 	C:\Windows\System32\gdi32full.dll
0x00007ffba0850000 - 0x00007ffba08ed000 	C:\Windows\System32\msvcp_win.dll
0x00007ffb95d80000 - 0x00007ffb95d8a000 	C:\Windows\SYSTEM32\VERSION.dll
0x00007ffba21b0000 - 0x00007ffba21e2000 	C:\Windows\System32\IMM32.DLL
0x00007ffb9fb30000 - 0x00007ffb9fb3c000 	C:\Program Files\Java\jdk-21\bin\vcruntime140_1.dll
0x00007ffb70830000 - 0x00007ffb708be000 	C:\Program Files\Java\jdk-21\bin\msvcp140.dll
0x00007ffb19d10000 - 0x00007ffb1aa25000 	C:\Program Files\Java\jdk-21\bin\server\jvm.dll
0x00007ffba28c0000 - 0x00007ffba292b000 	C:\Windows\System32\WS2_32.dll
0x00007ffb9fe80000 - 0x00007ffb9fecb000 	C:\Windows\SYSTEM32\POWRPROF.dll
0x00007ffb86d90000 - 0x00007ffb86db7000 	C:\Windows\SYSTEM32\WINMM.dll
0x00007ffb9fe60000 - 0x00007ffb9fe72000 	C:\Windows\SYSTEM32\UMPDC.dll
0x00007ffb9e1e0000 - 0x00007ffb9e1f2000 	C:\Windows\SYSTEM32\kernel.appcore.dll
0x00007ffb98d80000 - 0x00007ffb98d8a000 	C:\Program Files\Java\jdk-21\bin\jimage.dll
0x00007ffb9f780000 - 0x00007ffb9f964000 	C:\Windows\SYSTEM32\DBGHELP.DLL
0x00007ffb9f740000 - 0x00007ffb9f774000 	C:\Windows\SYSTEM32\dbgcore.DLL
0x00007ffba0740000 - 0x00007ffba07c2000 	C:\Windows\System32\bcryptPrimitives.dll
0x00007ffb86bb0000 - 0x00007ffb86bcf000 	C:\Program Files\Java\jdk-21\bin\java.dll

dbghelp: loaded successfully - version: 4.0.5 - missing functions: none
symbol engine: initialized successfully - sym options: 0x614 - pdb path: .;C:\Program Files\Java\jdk-21\bin;C:\Windows\SYSTEM32;C:\Windows\WinSxS\amd64_microsoft.windows.common-controls_6595b64144ccf1df_6.0.19041.3636_none_60b6a03d71f818d5;C:\Program Files\Java\jdk-21\bin\server

VM Arguments:
jvm_args: -Dfile.encoding=UTF-8 -Djava.security.policy=applet.policy --module-path=C:\Users\Perso\OneDrive\Documents\NetBeansProjects\Hotel_System\build\classes 
java_command: hotel_system.ManageRoomsForm
java_class_path (initial): C:\Users\Perso\Downloads\mysql-connector-java-5.1.47\mysql-connector-java-5.1.47\mysql-connector-java-5.1.47.jar;C:\Users\Perso\Downloads\mysql-connector-java-5.1.47\mysql-connector-java-5.1.47\mysql-connector-java-5.1.47-bin.jar;C:\Users\Perso\OneDrive\Documents\NetBeansProjects\Hotel_System\build\classes
Launcher Type: SUN_STANDARD

[Global flags]
     intx CICompilerCount                          = 3                                         {product} {ergonomic}
     uint ConcGCThreads                            = 1                                         {product} {ergonomic}
     uint G1ConcRefinementThreads                  = 4                                         {product} {ergonomic}
   size_t G1HeapRegionSize                         = 1048576                                   {product} {ergonomic}
    uintx GCDrainStackTargetSize                   = 64                                        {product} {ergonomic}
   size_t InitialHeapSize                          = 132120576                                 {product} {ergonomic}
   size_t MarkStackSize                            = 4194304                                   {product} {ergonomic}
   size_t MaxHeapSize                              = 2099249152                                {product} {ergonomic}
   size_t MinHeapDeltaBytes                        = 1048576                                   {product} {ergonomic}
   size_t MinHeapSize                              = 8388608                                   {product} {ergonomic}
    uintx NonNMethodCodeHeapSize                   = 5832780                                {pd product} {ergonomic}
    uintx NonProfiledCodeHeapSize                  = 122912730                              {pd product} {ergonomic}
    uintx ProfiledCodeHeapSize                     = 122912730                              {pd product} {ergonomic}
    uintx ReservedCodeCacheSize                    = 251658240                              {pd product} {ergonomic}
     bool SegmentedCodeCache                       = true                                      {product} {ergonomic}
   size_t SoftMaxHeapSize                          = 2099249152                             {manageable} {ergonomic}
     bool UseCompressedOops                        = true                           {product lp64_product} {ergonomic}
     bool UseG1GC                                  = true                                      {product} {ergonomic}
     bool UseLargePagesIndividualAllocation        = false                                  {pd product} {ergonomic}

Logging:
Log output configuration:
 #0: stdout all=warning uptime,level,tags foldmultilines=false
 #1: stderr all=off uptime,level,tags foldmultilines=false

Environment Variables:
JAVA_HOME=C:\Program Files\Java\jdk-21
PATH=C:\Program Files\Common Files\Oracle\Java\javapath;C:\Windows\system32;C:\Windows;C:\Windows\System32\Wbem;C:\Windows\System32\WindowsPowerShell\v1.0\;C:\Windows\System32\OpenSSH\;C:\Program Files\Microsoft SQL Server\Client SDK\ODBC\170\Tools\Binn\;C:\Program Files\dotnet\;C:\Program Files (x86)\Microsoft SQL Server\160\Tools\Binn\;C:\Program Files\Microsoft SQL Server\160\Tools\Binn\;C:\Program Files\Microsoft SQL Server\160\DTS\Binn\;C:\Program Files\Java\jdk-21\bin;C:\Program Files (x86)\Microsoft SQL Server\160\DTS\Binn\;C:\Program Files\Azure Data Studio\bin;C:\Users\Perso\AppData\Local\Microsoft\WindowsApps;;C:\Users\Perso\AppData\Local\Programs\Microsoft VS Code\bin;C:\Users\Perso\.dotnet\tools;C:\Program Files\Azure Data Studio\bin;C:\Program Files\Azure Data Studio\bin;C:\Program Files\Azure Data Studio\bin;C:\Program Files\Azure Data Studio\bin
USERNAME=Perso
OS=Windows_NT
PROCESSOR_IDENTIFIER=Intel64 Family 6 Model 78 Stepping 3, GenuineIntel
TMP=C:\Users\Perso\AppData\Local\Temp
TEMP=C:\Users\Perso\AppData\Local\Temp




Periodic native trim disabled

---------------  S Y S T E M  ---------------

OS:
 Windows 10 , 64 bit Build 19041 (10.0.19041.3636)
OS uptime: 16 days 0:01 hours

CPU: total 4 (initial active 4) (2 cores per cpu, 2 threads per core) family 6 model 78 stepping 3 microcode 0xcc, cx8, cmov, fxsr, ht, mmx, 3dnowpref, sse, sse2, sse3, ssse3, sse4.1, sse4.2, popcnt, lzcnt, tsc, tscinvbit, avx, avx2, aes, erms, clmul, bmi1, bmi2, rtm, adx, fma, vzeroupper, clflush, clflushopt, rdtscp, f16c
Processor Information for all 4 processors :
  Max Mhz: 2501, Current Mhz: 2200, Mhz Limit: 2175

Memory: 4k page, system-wide physical 8004M (1299M free)
TotalPageFile size 13767M (AvailPageFile size 104M)
current process WorkingSet (physical memory assigned to process): 10M, peak: 10M
current process commit charge ("private bytes"): 52M, peak: 177M

vm_info: Java HotSpot(TM) 64-Bit Server VM (21.0.1+12-LTS-29) for windows-amd64 JRE (21.0.1+12-LTS-29), built on 2023-10-05T13:27:09Z by "mach5one" with MS VC++ 17.1 (VS2022)

END.
